<?xml version="1.0" encoding="UTF-8"?>

<mule xmlns:http="http://www.mulesoft.org/schema/mule/http" xmlns="http://www.mulesoft.org/schema/mule/core"
	xmlns:doc="http://www.mulesoft.org/schema/mule/documentation"
	xmlns:xsi="http://www.w3.org/2001/XMLSchema-instance" xsi:schemaLocation="http://www.mulesoft.org/schema/mule/core http://www.mulesoft.org/schema/mule/core/current/mule.xsd
http://www.mulesoft.org/schema/mule/http http://www.mulesoft.org/schema/mule/http/current/mule-http.xsd">
	<http:request-config name="testHttpRequest" doc:name="HTTP Request configuration" doc:id="3eccc1ae-4ba5-4701-8aa2-7bcb6a1b35ab" >
		<http:request-connection host="${http.host}" port="${http.port}" />
	</http:request-config>
	<configuration-properties doc:name="testAppProperties" doc:id="e51c16f9-c0a8-46a9-8cbb-053fd5d0f4e1" file="properties\app-properties-test.yaml" />
</mule>
